<?xml version="1.0" encoding="UTF-8"?>
<!-- Generated by org.testng.reporters.JUnitXMLReporter -->
<testsuite ignored="0" hostname="mohammadalkeswani" failures="0" tests="5" name="Default test" time="24.47" errors="0" timestamp="2024-05-15T12:08:11 EEST">
  <testcase classname="emaritesseleniumTask" name="book_ticket" time="3.824"/>
  <testcase classname="emaritesseleniumTask" name="assertSite_lowestPrice" time="9.728"/>
  <testcase classname="emaritesseleniumTask" name="selectFlight" time="0.936"/>
  <testcase classname="emaritesseleniumTask" name="passengersTab" time="7.347"/>
  <testcase classname="emaritesseleniumTask" name="checkPrice" time="0.114"/>
</testsuite> <!-- Default test -->
